<?xml version="1.0" encoding="UTF-8"?>
<!-- Generated by org.testng.reporters.JUnitXMLReporter -->
<testsuite hostname="Ankurs-MacBook-Pro.local" ignored="0" name="Default test" tests="4" failures="0" timestamp="25 Nov 2018 09:06:27 GMT" time="29.162" errors="0">
  <testcase name="validateAddTodo" time="4.51" classname="testCases.coviamTest"/>
  <testcase name="validateTodoComplete" time="0.194" classname="testCases.coviamTest"/>
  <testcase name="validateDeleteTodoComplete" time="20.249" classname="testCases.coviamTest"/>
  <testcase name="validateClearCompleteTodo" time="4.054" classname="testCases.coviamTest"/>
</testsuite> <!-- Default test -->
