<?xml version="1.0" encoding="UTF-8"?>
<!-- Generated by org.testng.reporters.JUnitXMLReporter -->
<testsuite hostname="Ankurs-MacBook-Pro.local" ignored="0" name="coviamTest" tests="4" failures="0" timestamp="25 Nov 2018 09:31:18 GMT" time="5.364" errors="0">
  <testcase name="validateAddTodo" time="4.715" classname="testCases.coviamTest"/>
  <testcase name="validateTodoComplete" time="0.206" classname="testCases.coviamTest"/>
  <testcase name="validateDeleteTodoComplete" time="0.233" classname="testCases.coviamTest"/>
  <testcase name="validateClearCompleteTodo" time="0.065" classname="testCases.coviamTest"/>
</testsuite> <!-- coviamTest -->
