<?xml version="1.0" encoding="UTF-8"?>
<!-- Generated by org.testng.reporters.JUnitXMLReporter -->
<testsuite hostname="Ankurs-MacBook-Pro.local" ignored="0" name="Random Test" tests="3" failures="0" timestamp="14 Nov 2018 18:06:05 GMT" time="9.06" errors="0">
  <testcase name="validateSuggestionTest" time="5.452" classname="testCases.firstCryTest"/>
  <testcase name="validateContactUs" time="2.695" classname="testCases.firstCryTest"/>
  <testcase name="validatePuzzleSubMenu" time="0.225" classname="testCases.firstCryTest"/>
</testsuite> <!-- Random Test -->
